NBS-AndroidApp/app/build/intermediates/manifest_merge_blame_file/debug/processDebugMainManifest/manifest-merger-blame-debug-report.txt
1<?xml version="1.0" encoding="utf-8"?>
2<manifest xmlns:android="http://schemas.android.com/apk/res/android"
3    package="com.newtown.billsplitter"
4    android:versionCode="1"
5    android:versionName="1.0" >
6
7    <uses-sdk
8        android:minSdkVersion="26"
9        android:targetSdkVersion="34" />
10
11    <!-- Permissions -->
12    <uses-permission android:name="android.permission.INTERNET" />
12-->src\main\AndroidManifest.xml:6:5-67
12-->src\main\AndroidManifest.xml:6:22-64
13    <uses-permission android:name="android.permission.CAMERA" />
13-->src\main\AndroidManifest.xml:7:5-65
13-->src\main\AndroidManifest.xml:7:22-62
14    <uses-permission android:name="android.permission.READ_EXTERNAL_STORAGE" />
14-->src\main\AndroidManifest.xml:8:5-80
14-->src\main\AndroidManifest.xml:8:22-77
15    <uses-permission
15-->src\main\AndroidManifest.xml:9:5-10:38
16        android:name="android.permission.WRITE_EXTERNAL_STORAGE"
16-->src\main\AndroidManifest.xml:9:22-78
17        android:maxSdkVersion="28" />
17-->src\main\AndroidManifest.xml:10:9-35
18    <uses-permission android:name="android.permission.READ_MEDIA_IMAGES" />
18-->src\main\AndroidManifest.xml:11:5-76
18-->src\main\AndroidManifest.xml:11:22-73
19    <uses-permission android:name="android.permission.ACCESS_NETWORK_STATE" />
19-->src\main\AndroidManifest.xml:12:5-79
19-->src\main\AndroidManifest.xml:12:22-76
20    <uses-permission android:name="android.permission.VIBRATE" />
20-->src\main\AndroidManifest.xml:13:5-66
20-->src\main\AndroidManifest.xml:13:22-63
21
22    <!-- Camera features -->
23    <uses-feature
23-->src\main\AndroidManifest.xml:16:5-18:36
24        android:name="android.hardware.camera"
24-->src\main\AndroidManifest.xml:17:9-47
25        android:required="false" />
25-->src\main\AndroidManifest.xml:18:9-33
26    <uses-feature
26-->src\main\AndroidManifest.xml:19:5-21:36
27        android:name="android.hardware.camera.autofocus"
27-->src\main\AndroidManifest.xml:20:9-57
28        android:required="false" />
28-->src\main\AndroidManifest.xml:21:9-33
29
30    <permission
30-->[androidx.core:core:1.12.0] AndroidManifest.xml:22:5-24:47
31        android:name="com.newtown.billsplitter.DYNAMIC_RECEIVER_NOT_EXPORTED_PERMISSION"
31-->[androidx.core:core:1.12.0] AndroidManifest.xml:23:9-81
32        android:protectionLevel="signature" />
32-->[androidx.core:core:1.12.0] AndroidManifest.xml:24:9-44
33
34    <uses-permission android:name="com.newtown.billsplitter.DYNAMIC_RECEIVER_NOT_EXPORTED_PERMISSION" />
34-->[androidx.core:core:1.12.0] AndroidManifest.xml:26:5-97
34-->[androidx.core:core:1.12.0] AndroidManifest.xml:26:22-94
35
36    <application
36-->src\main\AndroidManifest.xml:23:5-57:19
37        android:allowBackup="true"
37-->src\main\AndroidManifest.xml:24:9-35
38        android:appComponentFactory="androidx.core.app.CoreComponentFactory"
38-->[androidx.core:core:1.12.0] AndroidManifest.xml:28:18-86
39        android:dataExtractionRules="@xml/data_extraction_rules"
39-->src\main\AndroidManifest.xml:25:9-65
40        android:debuggable="true"
41        android:extractNativeLibs="false"
42        android:fullBackupContent="@xml/backup_rules"
42-->src\main\AndroidManifest.xml:26:9-54
43        android:icon="@mipmap/ic_launcher"
43-->src\main\AndroidManifest.xml:27:9-43
44        android:label="@string/app_name"
44-->src\main\AndroidManifest.xml:28:9-41
45        android:roundIcon="@mipmap/ic_launcher_round"
45-->src\main\AndroidManifest.xml:29:9-54
46        android:supportsRtl="true"
46-->src\main\AndroidManifest.xml:30:9-35
47        android:theme="@style/Theme.NewtownBillSplitter" >
47-->src\main\AndroidManifest.xml:31:9-57
48        <activity
48-->src\main\AndroidManifest.xml:34:9-42:20
49            android:name="com.newtown.billsplitter.MainActivity"
49-->src\main\AndroidManifest.xml:35:13-41
50            android:exported="true"
50-->src\main\AndroidManifest.xml:36:13-36
51            android:theme="@style/Theme.NewtownBillSplitter" >
51-->src\main\AndroidManifest.xml:37:13-61
52            <intent-filter>
52-->src\main\AndroidManifest.xml:38:13-41:29
53                <action android:name="android.intent.action.MAIN" />
53-->src\main\AndroidManifest.xml:39:17-69
53-->src\main\AndroidManifest.xml:39:25-66
54
55                <category android:name="android.intent.category.LAUNCHER" />
55-->src\main\AndroidManifest.xml:40:17-77
55-->src\main\AndroidManifest.xml:40:27-74
56            </intent-filter>
57        </activity>
58
59        <!-- File provider for camera -->
60        <provider
61            android:name="androidx.core.content.FileProvider"
61-->src\main\AndroidManifest.xml:48:13-62
62            android:authorities="com.newtown.billsplitter.fileprovider"
62-->src\main\AndroidManifest.xml:49:13-64
63            android:exported="false"
63-->src\main\AndroidManifest.xml:50:13-37
64            android:grantUriPermissions="true" >
64-->src\main\AndroidManifest.xml:51:13-47
65            <meta-data
65-->src\main\AndroidManifest.xml:52:13-54:54
66                android:name="android.support.FILE_PROVIDER_PATHS"
66-->src\main\AndroidManifest.xml:53:17-67
67                android:resource="@xml/file_paths" />
67-->src\main\AndroidManifest.xml:54:17-51
68        </provider>
69
70        <service
70-->[androidx.camera:camera-camera2:1.3.0] AndroidManifest.xml:24:9-33:19
71            android:name="androidx.camera.core.impl.MetadataHolderService"
71-->[androidx.camera:camera-camera2:1.3.0] AndroidManifest.xml:25:13-75
72            android:enabled="false"
72-->[androidx.camera:camera-camera2:1.3.0] AndroidManifest.xml:26:13-36
73            android:exported="false" >
73-->[androidx.camera:camera-camera2:1.3.0] AndroidManifest.xml:27:13-37
74            <meta-data
74-->[androidx.camera:camera-camera2:1.3.0] AndroidManifest.xml:30:13-32:89
75                android:name="androidx.camera.core.impl.MetadataHolderService.DEFAULT_CONFIG_PROVIDER"
75-->[androidx.camera:camera-camera2:1.3.0] AndroidManifest.xml:31:17-103
76                android:value="androidx.camera.camera2.Camera2Config$DefaultProvider" />
76-->[androidx.camera:camera-camera2:1.3.0] AndroidManifest.xml:32:17-86
77        </service>
78
79        <provider
79-->[androidx.emoji2:emoji2:1.2.0] AndroidManifest.xml:24:9-32:20
80            android:name="androidx.startup.InitializationProvider"
80-->[androidx.emoji2:emoji2:1.2.0] AndroidManifest.xml:25:13-67
81            android:authorities="com.newtown.billsplitter.androidx-startup"
81-->[androidx.emoji2:emoji2:1.2.0] AndroidManifest.xml:26:13-68
82            android:exported="false" >
82-->[androidx.emoji2:emoji2:1.2.0] AndroidManifest.xml:27:13-37
83            <meta-data
83-->[androidx.emoji2:emoji2:1.2.0] AndroidManifest.xml:29:13-31:52
84                android:name="androidx.emoji2.text.EmojiCompatInitializer"
84-->[androidx.emoji2:emoji2:1.2.0] AndroidManifest.xml:30:17-75
85                android:value="androidx.startup" />
85-->[androidx.emoji2:emoji2:1.2.0] AndroidManifest.xml:31:17-49
86            <meta-data
86-->[androidx.lifecycle:lifecycle-process:2.6.2] AndroidManifest.xml:29:13-31:52
87                android:name="androidx.lifecycle.ProcessLifecycleInitializer"
87-->[androidx.lifecycle:lifecycle-process:2.6.2] AndroidManifest.xml:30:17-78
88                android:value="androidx.startup" />
88-->[androidx.lifecycle:lifecycle-process:2.6.2] AndroidManifest.xml:31:17-49
89            <meta-data
89-->[androidx.profileinstaller:profileinstaller:1.3.0] AndroidManifest.xml:29:13-31:52
90                android:name="androidx.profileinstaller.ProfileInstallerInitializer"
90-->[androidx.profileinstaller:profileinstaller:1.3.0] AndroidManifest.xml:30:17-85
91                android:value="androidx.startup" />
91-->[androidx.profileinstaller:profileinstaller:1.3.0] AndroidManifest.xml:31:17-49
92        </provider>
93
94        <service
94-->[com.google.android.gms:play-services-mlkit-text-recognition-common:19.0.0] AndroidManifest.xml:9:9-15:19
95            android:name="com.google.mlkit.common.internal.MlKitComponentDiscoveryService"
95-->[com.google.android.gms:play-services-mlkit-text-recognition-common:19.0.0] AndroidManifest.xml:10:13-91
96            android:directBootAware="true"
96-->[com.google.mlkit:common:18.8.0] AndroidManifest.xml:17:13-43
97            android:exported="false" >
97-->[com.google.android.gms:play-services-mlkit-text-recognition-common:19.0.0] AndroidManifest.xml:11:13-37
98            <meta-data
98-->[com.google.android.gms:play-services-mlkit-text-recognition-common:19.0.0] AndroidManifest.xml:12:13-14:85
99                android:name="com.google.firebase.components:com.google.mlkit.vision.text.internal.TextRegistrar"
99-->[com.google.android.gms:play-services-mlkit-text-recognition-common:19.0.0] AndroidManifest.xml:13:17-114
100                android:value="com.google.firebase.components.ComponentRegistrar" />
100-->[com.google.android.gms:play-services-mlkit-text-recognition-common:19.0.0] AndroidManifest.xml:14:17-82
101            <meta-data
101-->[com.google.mlkit:vision-common:17.3.0] AndroidManifest.xml:12:13-14:85
102                android:name="com.google.firebase.components:com.google.mlkit.vision.common.internal.VisionCommonRegistrar"
102-->[com.google.mlkit:vision-common:17.3.0] AndroidManifest.xml:13:17-124
103                android:value="com.google.firebase.components.ComponentRegistrar" />
103-->[com.google.mlkit:vision-common:17.3.0] AndroidManifest.xml:14:17-82
104            <meta-data
104-->[com.google.mlkit:common:18.8.0] AndroidManifest.xml:20:13-22:85
105                android:name="com.google.firebase.components:com.google.mlkit.common.internal.CommonComponentRegistrar"
105-->[com.google.mlkit:common:18.8.0] AndroidManifest.xml:21:17-120
106                android:value="com.google.firebase.components.ComponentRegistrar" />
106-->[com.google.mlkit:common:18.8.0] AndroidManifest.xml:22:17-82
107        </service>
108
109        <provider
109-->[com.google.mlkit:common:18.8.0] AndroidManifest.xml:9:9-13:38
110            android:name="com.google.mlkit.common.internal.MlKitInitProvider"
110-->[com.google.mlkit:common:18.8.0] AndroidManifest.xml:10:13-78
111            android:authorities="com.newtown.billsplitter.mlkitinitprovider"
111-->[com.google.mlkit:common:18.8.0] AndroidManifest.xml:11:13-69
112            android:exported="false"
112-->[com.google.mlkit:common:18.8.0] AndroidManifest.xml:12:13-37
113            android:initOrder="99" />
113-->[com.google.mlkit:common:18.8.0] AndroidManifest.xml:13:13-35
114
115        <activity
115-->[com.google.android.gms:play-services-base:18.1.0] AndroidManifest.xml:20:9-22:45
116            android:name="com.google.android.gms.common.api.GoogleApiActivity"
116-->[com.google.android.gms:play-services-base:18.1.0] AndroidManifest.xml:20:19-85
117            android:exported="false"
117-->[com.google.android.gms:play-services-base:18.1.0] AndroidManifest.xml:22:19-43
118            android:theme="@android:style/Theme.Translucent.NoTitleBar" />
118-->[com.google.android.gms:play-services-base:18.1.0] AndroidManifest.xml:21:19-78
119
120        <uses-library
120-->[androidx.window:window:1.0.0] AndroidManifest.xml:25:9-27:40
121            android:name="androidx.window.extensions"
121-->[androidx.window:window:1.0.0] AndroidManifest.xml:26:13-54
122            android:required="false" />
122-->[androidx.window:window:1.0.0] AndroidManifest.xml:27:13-37
123        <uses-library
123-->[androidx.window:window:1.0.0] AndroidManifest.xml:28:9-30:40
124            android:name="androidx.window.sidecar"
124-->[androidx.window:window:1.0.0] AndroidManifest.xml:29:13-51
125            android:required="false" />
125-->[androidx.window:window:1.0.0] AndroidManifest.xml:30:13-37
126
127        <receiver
127-->[androidx.profileinstaller:profileinstaller:1.3.0] AndroidManifest.xml:34:9-52:20
128            android:name="androidx.profileinstaller.ProfileInstallReceiver"
128-->[androidx.profileinstaller:profileinstaller:1.3.0] AndroidManifest.xml:35:13-76
129            android:directBootAware="false"
129-->[androidx.profileinstaller:profileinstaller:1.3.0] AndroidManifest.xml:36:13-44
130            android:enabled="true"
130-->[androidx.profileinstaller:profileinstaller:1.3.0] AndroidManifest.xml:37:13-35
131            android:exported="true"
131-->[androidx.profileinstaller:profileinstaller:1.3.0] AndroidManifest.xml:38:13-36
132            android:permission="android.permission.DUMP" >
132-->[androidx.profileinstaller:profileinstaller:1.3.0] AndroidManifest.xml:39:13-57
133            <intent-filter>
133-->[androidx.profileinstaller:profileinstaller:1.3.0] AndroidManifest.xml:40:13-42:29
134                <action android:name="androidx.profileinstaller.action.INSTALL_PROFILE" />
134-->[androidx.profileinstaller:profileinstaller:1.3.0] AndroidManifest.xml:41:17-91
134-->[androidx.profileinstaller:profileinstaller:1.3.0] AndroidManifest.xml:41:25-88
135            </intent-filter>
136            <intent-filter>
136-->[androidx.profileinstaller:profileinstaller:1.3.0] AndroidManifest.xml:43:13-45:29
137                <action android:name="androidx.profileinstaller.action.SKIP_FILE" />
137-->[androidx.profileinstaller:profileinstaller:1.3.0] AndroidManifest.xml:44:17-85
137-->[androidx.profileinstaller:profileinstaller:1.3.0] AndroidManifest.xml:44:25-82
138            </intent-filter>
139            <intent-filter>
139-->[androidx.profileinstaller:profileinstaller:1.3.0] AndroidManifest.xml:46:13-48:29
140                <action android:name="androidx.profileinstaller.action.SAVE_PROFILE" />
140-->[androidx.profileinstaller:profileinstaller:1.3.0] AndroidManifest.xml:47:17-88
140-->[androidx.profileinstaller:profileinstaller:1.3.0] AndroidManifest.xml:47:25-85
141            </intent-filter>
142            <intent-filter>
142-->[androidx.profileinstaller:profileinstaller:1.3.0] AndroidManifest.xml:49:13-51:29
143                <action android:name="androidx.profileinstaller.action.BENCHMARK_OPERATION" />
143-->[androidx.profileinstaller:profileinstaller:1.3.0] AndroidManifest.xml:50:17-95
143-->[androidx.profileinstaller:profileinstaller:1.3.0] AndroidManifest.xml:50:25-92
144            </intent-filter>
145        </receiver>
146
147        <meta-data
147-->[com.google.android.gms:play-services-basement:18.1.0] AndroidManifest.xml:21:9-23:69
148            android:name="com.google.android.gms.version"
148-->[com.google.android.gms:play-services-basement:18.1.0] AndroidManifest.xml:22:13-58
149            android:value="@integer/google_play_services_version" />
149-->[com.google.android.gms:play-services-basement:18.1.0] AndroidManifest.xml:23:13-66
150
151        <service
151-->[com.google.android.datatransport:transport-backend-cct:2.3.3] AndroidManifest.xml:29:9-35:19
152            android:name="com.google.android.datatransport.runtime.backends.TransportBackendDiscovery"
152-->[com.google.android.datatransport:transport-backend-cct:2.3.3] AndroidManifest.xml:30:13-103
153            android:exported="false" >
153-->[com.google.android.datatransport:transport-backend-cct:2.3.3] AndroidManifest.xml:31:13-37
154            <meta-data
154-->[com.google.android.datatransport:transport-backend-cct:2.3.3] AndroidManifest.xml:32:13-34:39
155                android:name="backend:com.google.android.datatransport.cct.CctBackendFactory"
155-->[com.google.android.datatransport:transport-backend-cct:2.3.3] AndroidManifest.xml:33:17-94
156                android:value="cct" />
156-->[com.google.android.datatransport:transport-backend-cct:2.3.3] AndroidManifest.xml:34:17-36
157        </service>
158        <service
158-->[com.google.android.datatransport:transport-runtime:2.2.6] AndroidManifest.xml:26:9-30:19
159            android:name="com.google.android.datatransport.runtime.scheduling.jobscheduling.JobInfoSchedulerService"
159-->[com.google.android.datatransport:transport-runtime:2.2.6] AndroidManifest.xml:27:13-117
160            android:exported="false"
160-->[com.google.android.datatransport:transport-runtime:2.2.6] AndroidManifest.xml:28:13-37
161            android:permission="android.permission.BIND_JOB_SERVICE" >
161-->[com.google.android.datatransport:transport-runtime:2.2.6] AndroidManifest.xml:29:13-69
162        </service>
163
164        <receiver
164-->[com.google.android.datatransport:transport-runtime:2.2.6] AndroidManifest.xml:32:9-34:40
165            android:name="com.google.android.datatransport.runtime.scheduling.jobscheduling.AlarmManagerSchedulerBroadcastReceiver"
165-->[com.google.android.datatransport:transport-runtime:2.2.6] AndroidManifest.xml:33:13-132
166            android:exported="false" />
166-->[com.google.android.datatransport:transport-runtime:2.2.6] AndroidManifest.xml:34:13-37
167    </application>
168
169</manifest>